{"name": "Test to edit a merchant's email and verify success", "status": "failed", "statusDetails": {"message": "AssertionError: Toast message did not appear within timeout.", "trace": "self = <test_edit_merchant.TestEditMerchant object at 0x7cc2c51fe210>\n\n    @allure.title(\"Test to edit a merchant's email and verify success\")\n    def test_edit_merchant_email(self):\n        driver = self.driver\n    \n        # Step 1: Login\n        driver.get(TestData.BASE_URL)\n        login_page = LoginPage(driver)\n        login_page.login(TestData.USERNAME, TestData.PASSWORD)\n    \n        # Step 2: Go to merchant page\n        self.wait.until(EC.element_to_be_clickable(\n            (By.XPATH, \"//span[contains(text(), 'Merchant')]\"))).click()\n    \n        time.sleep(3)  # Allow page to settle\n    \n        # Step 3: Edit Flow\n        edit_page = EditMerchantPage(driver)\n        edit_page.click_more_options()\n        edit_page.click_edit_option()\n    \n        new_email = edit_page.generate_random_email()\n        edit_page.update_email(new_email)\n        edit_page.click_update_button()\n    \n        time.sleep(3)  # Wait for toast to appear\n        edit_page.capture_screenshot_after_update()\n    \n        # Step 4: Validate toast message\n    \n        try:\n>           toast = self.wait.until(\n                EC.visibility_of_element_located((By.CLASS_NAME, \"Toastify__toast-body\"))\n            )\n\nTests/merchant/test_edit_merchant.py:48: \n_ _ _ _ _ _ _ _ _ _ _ _ _ _ _ _ _ _ _ _ _ _ _ _ _ _ _ _ _ _ _ _ _ _ _ _ _ _ _ _ _ _ _ _ _ _ _ _ _ _ _ _ _ _ _ _ _ _ _ _ _ _ _ _ _ _ _ _ _ _ _ _ _ _ _ _ _ _ _ _ _ _ _ _ _\n\nself = <selenium.webdriver.support.wait.WebDriverWait (session=\"4c26f004c3590ceddc5eb27432786a36\")>\nmethod = <function visibility_of_element_located.<locals>._predicate at 0x7cc2c5a8c680>, message = ''\n\n    def until(self, method: Callable[[D], Union[Literal[False], T]], message: str = \"\") -> T:\n        \"\"\"Wait until the method returns a value that is not False.\n    \n        Calls the method provided with the driver as an argument until the\n        return value does not evaluate to ``False``.\n    \n        Parameters:\n        -----------\n        method: callable(WebDriver)\n            - A callable object that takes a WebDriver instance as an argument.\n    \n        message: str\n            - Optional message for :exc:`TimeoutException`\n    \n        Return:\n        -------\n        object: T\n            - The result of the last call to `method`\n    \n        Raises:\n        -------\n        TimeoutException\n            - If 'method' does not return a truthy value within the WebDriverWait\n            object's timeout\n    \n        Example:\n        --------\n        >>> from selenium.webdriver.common.by import By\n        >>> from selenium.webdriver.support.ui import WebDriverWait\n        >>> from selenium.webdriver.support import expected_conditions as EC\n    \n        # Wait until an element is visible on the page\n        >>> wait = WebDriverWait(driver, 10)\n        >>> element = wait.until(EC.visibility_of_element_located((By.ID, \"exampleId\")))\n        >>> print(element.text)\n        \"\"\"\n        screen = None\n        stacktrace = None\n    \n        end_time = time.monotonic() + self._timeout\n        while True:\n            try:\n                value = method(self._driver)\n                if value:\n                    return value\n            except self._ignored_exceptions as exc:\n                screen = getattr(exc, \"screen\", None)\n                stacktrace = getattr(exc, \"stacktrace\", None)\n            if time.monotonic() > end_time:\n                break\n            time.sleep(self._poll)\n>       raise TimeoutException(message, screen, stacktrace)\nE       selenium.common.exceptions.TimeoutException: Message: \nE       Stacktrace:\nE       #0 0x614f65c1875a <unknown>\nE       #1 0x614f656bb0a0 <unknown>\nE       #2 0x614f6570c9b0 <unknown>\nE       #3 0x614f6570cba1 <unknown>\nE       #4 0x614f6575aea4 <unknown>\nE       #5 0x614f657323cd <unknown>\nE       #6 0x614f657582a0 <unknown>\nE       #7 0x614f65732173 <unknown>\nE       #8 0x614f656fed4b <unknown>\nE       #9 0x614f656ff9b1 <unknown>\nE       #10 0x614f65bdd90b <unknown>\nE       #11 0x614f65be180a <unknown>\nE       #12 0x614f65bc5662 <unknown>\nE       #13 0x614f65be2394 <unknown>\nE       #14 0x614f65baa49f <unknown>\nE       #15 0x614f65c06538 <unknown>\nE       #16 0x614f65c06716 <unknown>\nE       #17 0x614f65c175c6 <unknown>\nE       #18 0x7c246c69caa4 <unknown>\nE       #19 0x7c246c729c3c <unknown>\n\n../seleniumtest/venv/lib/python3.11/site-packages/selenium/webdriver/support/wait.py:146: TimeoutException\n\nDuring handling of the above exception, another exception occurred:\n\nself = <test_edit_merchant.TestEditMerchant object at 0x7cc2c51fe210>\n\n    @allure.title(\"Test to edit a merchant's email and verify success\")\n    def test_edit_merchant_email(self):\n        driver = self.driver\n    \n        # Step 1: Login\n        driver.get(TestData.BASE_URL)\n        login_page = LoginPage(driver)\n        login_page.login(TestData.USERNAME, TestData.PASSWORD)\n    \n        # Step 2: Go to merchant page\n        self.wait.until(EC.element_to_be_clickable(\n            (By.XPATH, \"//span[contains(text(), 'Merchant')]\"))).click()\n    \n        time.sleep(3)  # Allow page to settle\n    \n        # Step 3: Edit Flow\n        edit_page = EditMerchantPage(driver)\n        edit_page.click_more_options()\n        edit_page.click_edit_option()\n    \n        new_email = edit_page.generate_random_email()\n        edit_page.update_email(new_email)\n        edit_page.click_update_button()\n    \n        time.sleep(3)  # Wait for toast to appear\n        edit_page.capture_screenshot_after_update()\n    \n        # Step 4: Validate toast message\n    \n        try:\n            toast = self.wait.until(\n                EC.visibility_of_element_located((By.CLASS_NAME, \"Toastify__toast-body\"))\n            )\n            toast_text = toast.text\n            print(f\"Toast message: {toast_text}\")\n            assert \"Merchant updated sucessfully\" in toast_text.lower(), f\"Unexpected toast text: {toast_text}\"\n        except TimeoutException:\n            allure.attach(driver.get_screenshot_as_png(), name=\"toast_missing\", attachment_type=allure.attachment_type.PNG)\n>           raise AssertionError(\"Toast message did not appear within timeout.\")\nE           AssertionError: Toast message did not appear within timeout.\n\nTests/merchant/test_edit_merchant.py:56: AssertionError"}, "steps": [{"name": "Login with username: 'admin1', password: '@dmin2929A'", "status": "passed", "parameters": [{"name": "username", "value": "'admin1'"}, {"name": "password", "value": "'@dmin2929A'"}], "start": 1747826611471, "stop": 1747826611966}, {"name": "Clicking 'More Options' for merchant", "status": "passed", "start": 1747826616414, "stop": 1747826616619}, {"name": "Clicking 'Edit' option from dropdown", "status": "passed", "start": 1747826616619, "stop": 1747826616825}, {"name": "Generate a random email address", "status": "passed", "attachments": [{"name": "Generated Email", "source": "7c5cc25d-81a3-44b3-9682-735bf363983a-attachment.txt", "type": "text/plain"}], "start": 1747826616826, "stop": 1747826616826}, {"name": "Updating email to: '1c89jg@test.com'", "status": "passed", "parameters": [{"name": "new_email", "value": "'1c89jg@test.com'"}], "start": 1747826616826, "stop": 1747826617384}, {"name": "Clicking 'Update' button", "status": "passed", "start": 1747826617384, "stop": 1747826617542}, {"name": "Capturing screenshot after update", "status": "passed", "attachments": [{"name": "After Update Screenshot", "source": "599f87ff-ace1-4699-9e44-332b2bd40d63-attachment.png", "type": "image/png"}], "start": 1747826620542, "stop": 1747826620707}], "attachments": [{"name": "toast_missing", "source": "448fc208-ed3f-4ea4-9cf4-4aaecf0aac36-attachment.png", "type": "image/png"}], "parameters": [{"name": "init_driver", "value": "'chrome'"}], "start": 1747826601084, "stop": 1747826632249, "uuid": "3d3c647a-2ad7-4478-975a-e57094f49903", "historyId": "6a77d28e182c732ac55c012dfbf7454e", "testCaseId": "80b42ae8851199f3f49bd5de9898e940", "fullName": "Tests.merchant.test_edit_merchant.TestEditMerchant#test_edit_merchant_email", "labels": [{"name": "tag", "value": "@pytest.mark.usefixtures('init_driver')"}, {"name": "parentSuite", "value": "Tests.merchant"}, {"name": "suite", "value": "test_edit_merchant"}, {"name": "subSuite", "value": "TestEditMerchant"}, {"name": "host", "value": "bibek-hadkhale-Nitro-AN515-44"}, {"name": "thread", "value": "173091-MainThread"}, {"name": "framework", "value": "pytest"}, {"name": "language", "value": "cpython3"}, {"name": "package", "value": "Tests.merchant.test_edit_merchant"}]}