{"name": "Test to edit a merchant's email and verify success", "status": "failed", "statusDetails": {"message": "AssertionError: Toast message did not appear within timeout.", "trace": "self = <pages.merchant.edit_merchant_page.EditMerchantPage object at 0x7a69056aa990>\n\n    @allure.step(\"Get toast message after update\")\n    def get_toast_message(self):\n        try:\n            # Wait for the toast message to be visible\n>           toast = self.wait.until(EC.visibility_of_element_located((By.CLASS_NAME, \"Toastify__toast-body\")))\n\npages/merchant/edit_merchant_page.py:64: \n_ _ _ _ _ _ _ _ _ _ _ _ _ _ _ _ _ _ _ _ _ _ _ _ _ _ _ _ _ _ _ _ _ _ _ _ _ _ _ _ _ _ _ _ _ _ _ _ _ _ _ _ _ _ _ _ _ _ _ _ _ _ _ _ _ _ _ _ _ _ _ _ _ _ _ _ _ _ _ _ _ _ _ _ _\n\nself = <selenium.webdriver.support.wait.WebDriverWait (session=\"5f2a917c46448a5c7e23ce709c1965dd\")>\nmethod = <function visibility_of_element_located.<locals>._predicate at 0x7a6905ee8680>, message = ''\n\n    def until(self, method: Callable[[D], Union[Literal[False], T]], message: str = \"\") -> T:\n        \"\"\"Wait until the method returns a value that is not False.\n    \n        Calls the method provided with the driver as an argument until the\n        return value does not evaluate to ``False``.\n    \n        Parameters:\n        -----------\n        method: callable(WebDriver)\n            - A callable object that takes a WebDriver instance as an argument.\n    \n        message: str\n            - Optional message for :exc:`TimeoutException`\n    \n        Return:\n        -------\n        object: T\n            - The result of the last call to `method`\n    \n        Raises:\n        -------\n        TimeoutException\n            - If 'method' does not return a truthy value within the WebDriverWait\n            object's timeout\n    \n        Example:\n        --------\n        >>> from selenium.webdriver.common.by import By\n        >>> from selenium.webdriver.support.ui import WebDriverWait\n        >>> from selenium.webdriver.support import expected_conditions as EC\n    \n        # Wait until an element is visible on the page\n        >>> wait = WebDriverWait(driver, 10)\n        >>> element = wait.until(EC.visibility_of_element_located((By.ID, \"exampleId\")))\n        >>> print(element.text)\n        \"\"\"\n        screen = None\n        stacktrace = None\n    \n        end_time = time.monotonic() + self._timeout\n        while True:\n            try:\n                value = method(self._driver)\n                if value:\n                    return value\n            except self._ignored_exceptions as exc:\n                screen = getattr(exc, \"screen\", None)\n                stacktrace = getattr(exc, \"stacktrace\", None)\n            if time.monotonic() > end_time:\n                break\n            time.sleep(self._poll)\n>       raise TimeoutException(message, screen, stacktrace)\nE       selenium.common.exceptions.TimeoutException: Message: \nE       Stacktrace:\nE       #0 0x592c4b4d275a <unknown>\nE       #1 0x592c4af750a0 <unknown>\nE       #2 0x592c4afc69b0 <unknown>\nE       #3 0x592c4afc6ba1 <unknown>\nE       #4 0x592c4b014ea4 <unknown>\nE       #5 0x592c4afec3cd <unknown>\nE       #6 0x592c4b0122a0 <unknown>\nE       #7 0x592c4afec173 <unknown>\nE       #8 0x592c4afb8d4b <unknown>\nE       #9 0x592c4afb99b1 <unknown>\nE       #10 0x592c4b49790b <unknown>\nE       #11 0x592c4b49b80a <unknown>\nE       #12 0x592c4b47f662 <unknown>\nE       #13 0x592c4b49c394 <unknown>\nE       #14 0x592c4b46449f <unknown>\nE       #15 0x592c4b4c0538 <unknown>\nE       #16 0x592c4b4c0716 <unknown>\nE       #17 0x592c4b4d15c6 <unknown>\nE       #18 0x7f1e67e9caa4 <unknown>\nE       #19 0x7f1e67f29c3c <unknown>\n\n../seleniumtest/venv/lib/python3.11/site-packages/selenium/webdriver/support/wait.py:146: TimeoutException\n\nDuring handling of the above exception, another exception occurred:\n\nself = <test_edit_merchant.TestEditMerchant object at 0x7a6905696910>\n\n    @allure.title(\"Test to edit a merchant's email and verify success\")\n    def test_edit_merchant_email(self):\n        driver = self.driver\n    \n        # Step 1: Login\n        driver.get(TestData.BASE_URL)\n        login_page = LoginPage(driver)\n        login_page.login(TestData.USERNAME, TestData.PASSWORD)\n    \n        # Step 2: Go to merchant page\n        self.wait.until(EC.element_to_be_clickable(\n            (By.XPATH, \"//span[contains(text(), 'Merchant')]\"))).click()\n    \n        time.sleep(3)  # Allow page to settle\n    \n        # Step 3: Edit Flow\n        edit_page = EditMerchantPage(driver)\n        edit_page.click_more_options()\n        edit_page.click_edit_option()\n    \n        new_email = edit_page.generate_random_email()\n        edit_page.update_email(new_email)\n        edit_page.click_update_button()\n    \n        time.sleep(3)  # Wait for toast to appear\n        edit_page.capture_screenshot_after_update()\n    \n        # Step 4: Validate toast message\n        try:\n>           toast_message = edit_page.get_toast_message()\n\nTests/merchant/test_edit_merchant.py:47: \n_ _ _ _ _ _ _ _ _ _ _ _ _ _ _ _ _ _ _ _ _ _ _ _ _ _ _ _ _ _ _ _ _ _ _ _ _ _ _ _ _ _ _ _ _ _ _ _ _ _ _ _ _ _ _ _ _ _ _ _ _ _ _ _ _ _ _ _ _ _ _ _ _ _ _ _ _ _ _ _ _ _ _ _ _\n\nself = <pages.merchant.edit_merchant_page.EditMerchantPage object at 0x7a69056aa990>\n\n    @allure.step(\"Get toast message after update\")\n    def get_toast_message(self):\n        try:\n            # Wait for the toast message to be visible\n            toast = self.wait.until(EC.visibility_of_element_located((By.CLASS_NAME, \"Toastify__toast-body\")))\n            toast_text = toast.text\n            print(f\"Toast message: {toast_text}\")  # Print the toast message\n            return toast_text\n        except TimeoutException:\n>           raise AssertionError(\"Toast message did not appear within timeout.\")\nE           AssertionError: Toast message did not appear within timeout.\n\npages/merchant/edit_merchant_page.py:69: AssertionError"}, "steps": [{"name": "Login with username: 'admin1', password: '@dmin2929A'", "status": "passed", "parameters": [{"name": "username", "value": "'admin1'"}, {"name": "password", "value": "'@dmin2929A'"}], "start": 1747827031884, "stop": 1747827032365}, {"name": "Clicking 'More Options' for merchant", "status": "passed", "start": 1747827036836, "stop": 1747827037016}, {"name": "Clicking 'Edit' option from dropdown", "status": "passed", "start": 1747827037016, "stop": 1747827037254}, {"name": "Generate a random email address", "status": "passed", "attachments": [{"name": "Generated Email", "source": "b6e53f8d-ae67-47ff-aae6-5bdfc12e91dd-attachment.txt", "type": "text/plain"}], "start": 1747827037255, "stop": 1747827037255}, {"name": "Updating email to: 'quyxrs@test.com'", "status": "passed", "parameters": [{"name": "new_email", "value": "'quyxrs@test.com'"}], "start": 1747827037255, "stop": 1747827037867}, {"name": "Clicking 'Update' button", "status": "passed", "start": 1747827037867, "stop": 1747827037999}, {"name": "Capturing screenshot after update", "status": "passed", "attachments": [{"name": "After Update Screenshot", "source": "7cfe9da5-be62-467a-90ba-d4c7d5dae08c-attachment.png", "type": "image/png"}], "start": 1747827040999, "stop": 1747827041207}, {"name": "Get toast message after update", "status": "failed", "statusDetails": {"message": "AssertionError: Toast message did not appear within timeout.\n", "trace": "  File \"/home/bibek-hadkhale/Desktop/seleniumtest/venv/lib/python3.11/site-packages/allure_commons/_allure.py\", line 202, in impl\n    return func(*a, **kw)\n           ^^^^^^^^^^^^^^\n  File \"/home/bibek-hadkhale/Desktop/IPN-AUTOMATION/pages/merchant/edit_merchant_page.py\", line 69, in get_toast_message\n    raise AssertionError(\"Toast message did not appear within timeout.\")\n"}, "start": 1747827041207, "stop": 1747827052304}], "parameters": [{"name": "init_driver", "value": "'chrome'"}], "start": 1747827029943, "stop": 1747827052305, "uuid": "e7f56fd2-2238-4730-ad9f-a5c62f9b3ab9", "historyId": "6a77d28e182c732ac55c012dfbf7454e", "testCaseId": "80b42ae8851199f3f49bd5de9898e940", "fullName": "Tests.merchant.test_edit_merchant.TestEditMerchant#test_edit_merchant_email", "labels": [{"name": "tag", "value": "@pytest.mark.usefixtures('init_driver')"}, {"name": "parentSuite", "value": "Tests.merchant"}, {"name": "suite", "value": "test_edit_merchant"}, {"name": "subSuite", "value": "TestEditMerchant"}, {"name": "host", "value": "bibek-hadkhale-Nitro-AN515-44"}, {"name": "thread", "value": "174764-MainThread"}, {"name": "framework", "value": "pytest"}, {"name": "language", "value": "cpython3"}, {"name": "package", "value": "Tests.merchant.test_edit_merchant"}]}